2023-03-22 19:48:47.566  INFO 11060 --- [restartedMain] com.curso.crudUser.CrudUserApplication   : Starting CrudUserApplication using Java 1.8.0_341 on DESKTOP-05235MS with PID 11060 (D:\Documentos\proyectos\Springboot\user-crud\target\classes started by 1087066157 in D:\Documentos\proyectos\Springboot\user-crud)
2023-03-22 19:48:47.568  INFO 11060 --- [restartedMain] com.curso.crudUser.CrudUserApplication   : No active profile set, falling back to 1 default profile: "default"
2023-03-22 19:48:47.712  INFO 11060 --- [restartedMain] .s.d.r.c.RepositoryConfigurationDelegate : Bootstrapping Spring Data JPA repositories in DEFAULT mode.
2023-03-22 19:48:47.717  INFO 11060 --- [restartedMain] .s.d.r.c.RepositoryConfigurationDelegate : Finished Spring Data repository scanning in 3 ms. Found 0 JPA repository interfaces.
2023-03-22 19:48:47.784  INFO 11060 --- [restartedMain] o.s.b.w.embedded.tomcat.TomcatWebServer  : Tomcat initialized with port(s): 8080 (http)
2023-03-22 19:48:47.785  INFO 11060 --- [restartedMain] o.apache.catalina.core.StandardService   : Starting service [Tomcat]
2023-03-22 19:48:47.786  INFO 11060 --- [restartedMain] org.apache.catalina.core.StandardEngine  : Starting Servlet engine: [Apache Tomcat/9.0.71]
2023-03-22 19:48:47.798  INFO 11060 --- [restartedMain] o.a.c.c.C.[Tomcat].[localhost].[/]       : Initializing Spring embedded WebApplicationContext
2023-03-22 19:48:47.798  INFO 11060 --- [restartedMain] w.s.c.ServletWebServerApplicationContext : Root WebApplicationContext: initialization completed in 225 ms
2023-03-22 19:48:47.822  INFO 11060 --- [restartedMain] com.zaxxer.hikari.HikariDataSource       : HikariPool-2 - Starting...
2023-03-22 19:48:48.824  INFO 11060 --- [restartedMain] com.zaxxer.hikari.HikariDataSource       : HikariPool-2 - Start completed.
2023-03-22 19:48:48.838  INFO 11060 --- [restartedMain] o.hibernate.jpa.internal.util.LogHelper  : HHH000204: Processing PersistenceUnitInfo [name: default]
2023-03-22 19:48:48.845  INFO 11060 --- [restartedMain] org.hibernate.dialect.Dialect            : HHH000400: Using dialect: org.hibernate.dialect.MySQL57Dialect
2023-03-22 19:48:48.868  INFO 11060 --- [restartedMain] o.h.e.t.j.p.i.JtaPlatformInitiator       : HHH000490: Using JtaPlatform implementation: [org.hibernate.engine.transaction.jta.platform.internal.NoJtaPlatform]
2023-03-22 19:48:48.868  INFO 11060 --- [restartedMain] j.LocalContainerEntityManagerFactoryBean : Initialized JPA EntityManagerFactory for persistence unit 'default'
2023-03-22 19:48:48.884  WARN 11060 --- [restartedMain] JpaBaseConfiguration$JpaWebConfiguration : spring.jpa.open-in-view is enabled by default. Therefore, database queries may be performed during view rendering. Explicitly configure spring.jpa.open-in-view to disable this warning
2023-03-22 19:48:48.916  WARN 11060 --- [restartedMain] o.s.security.core.userdetails.User       : User.withDefaultPasswordEncoder() is considered unsafe for production and is only intended for sample applications.
2023-03-22 19:48:49.203  INFO 11060 --- [restartedMain] o.s.s.web.DefaultSecurityFilterChain     : Creating filter chain: org.springframework.security.web.util.matcher.AnyRequestMatcher@1, [org.springframework.security.web.context.request.async.WebAsyncManagerIntegrationFilter@3c16ebb2, org.springframework.security.web.context.SecurityContextPersistenceFilter@bcd7484, org.springframework.security.web.header.HeaderWriterFilter@56f94c6d, org.springframework.security.web.authentication.logout.LogoutFilter@61bde72b, org.springframework.security.web.authentication.www.BasicAuthenticationFilter@6d2bd2c1, org.springframework.security.web.savedrequest.RequestCacheAwareFilter@38a1961b, org.springframework.security.web.servletapi.SecurityContextHolderAwareRequestFilter@24a73f46, org.springframework.security.web.authentication.AnonymousAuthenticationFilter@4c3fb218, org.springframework.security.web.session.SessionManagementFilter@4340d3fa, org.springframework.security.web.access.ExceptionTranslationFilter@7cb9ecda, org.springframework.security.web.access.intercept.FilterSecurityInterceptor@5cf4b554]
2023-03-22 19:48:49.292  INFO 11060 --- [restartedMain] o.s.b.d.a.OptionalLiveReloadServer       : LiveReload server is running on port 35729
2023-03-22 19:48:49.301  INFO 11060 --- [restartedMain] o.s.b.w.embedded.tomcat.TomcatWebServer  : Tomcat started on port(s): 8080 (http) with context path ''
2023-03-22 19:48:49.305  INFO 11060 --- [restartedMain] com.curso.crudUser.CrudUserApplication   : Started CrudUserApplication in 1.877 seconds (JVM running for 36.447)
2023-03-22 19:48:49.306  INFO 11060 --- [restartedMain] .ConditionEvaluationDeltaLoggingListener : Condition evaluation unchanged
2023-03-22 19:49:08.779  INFO 11060 --- [SpringApplicationShutdownHook] j.LocalContainerEntityManagerFactoryBean : Closing JPA EntityManagerFactory for persistence unit 'default'
2023-03-22 19:49:08.780  INFO 11060 --- [SpringApplicationShutdownHook] com.zaxxer.hikari.HikariDataSource       : HikariPool-2 - Shutdown initiated...
2023-03-22 19:49:09.509  INFO 11060 --- [SpringApplicationShutdownHook] com.zaxxer.hikari.HikariDataSource       : HikariPool-2 - Shutdown completed.
